<?xml version="1.0" encoding="UTF-8"?>
<!-- Generated by org.testng.reporters.JUnitXMLReporter -->
<testsuite ignored="1" hostname="DESKTOP-A10C7RG" failures="0" tests="1" name="Default test" time="22.099" errors="0" timestamp="2021-04-01T12:48:52 IST">
  <testcase classname="testClass.TestcaseGuru" name="test_Home_Page_Appear_Correct" time="17.648"/>
  <testcase classname="testClass.TestcaseGuru" name="testNew" time="0.0">
    <ignored/>
  </testcase> <!-- testNew -->
</testsuite> <!-- Default test -->
