<?xml version="1.0" encoding="UTF-8"?>
<testng-results ignored="1" total="2" passed="1" failed="0" skipped="0">
  <reporter-output>
  </reporter-output>
  <suite started-at="2021-04-01T12:48:30 IST" name="Default suite" finished-at="2021-04-01T12:48:52 IST" duration-ms="22099">
    <groups>
    </groups>
    <test started-at="2021-04-01T12:48:30 IST" name="Default test" finished-at="2021-04-01T12:48:52 IST" duration-ms="22099">
      <class name="testClass.TestcaseGuru">
        <test-method is-config="true" signature="setupSuite()[pri:0, instance:testClass.TestcaseGuru@78123e82]" started-at="2021-04-01T12:48:29 IST" name="setupSuite" finished-at="2021-04-01T12:48:30 IST" duration-ms="836" status="PASS">
          <reporter-output>
          </reporter-output>
        </test-method> <!-- setupSuite -->
        <test-method is-config="true" signature="setup()[pri:0, instance:testClass.TestcaseGuru@78123e82]" started-at="2021-04-01T12:48:30 IST" name="setup" finished-at="2021-04-01T12:48:34 IST" duration-ms="4235" status="PASS">
          <reporter-output>
          </reporter-output>
        </test-method> <!-- setup -->
        <test-method signature="test_Home_Page_Appear_Correct()[pri:0, instance:testClass.TestcaseGuru@78123e82]" started-at="2021-04-01T12:48:34 IST" name="test_Home_Page_Appear_Correct" finished-at="2021-04-01T12:48:52 IST" duration-ms="17648" status="PASS">
          <reporter-output>
          </reporter-output>
        </test-method> <!-- test_Home_Page_Appear_Correct -->
        <test-method is-config="true" signature="teardown(org.testng.ITestResult)[pri:0, instance:testClass.TestcaseGuru@78123e82]" started-at="2021-04-01T12:48:52 IST" name="teardown" finished-at="2021-04-01T12:48:52 IST" duration-ms="3" status="PASS">
          <params>
            <param index="0">
              <value>
                <![CDATA[[TestResult name=test_Home_Page_Appear_Correct status=SUCCESS method=TestcaseGuru.test_Home_Page_Appear_Correct()[pri:0, instance:testClass.TestcaseGuru@78123e82] output={null}]]]>
              </value>
            </param>
          </params>
          <reporter-output>
          </reporter-output>
        </test-method> <!-- teardown -->
        <test-method is-config="true" signature="tearbrowser()[pri:0, instance:testClass.TestcaseGuru@78123e82]" started-at="2021-04-01T12:48:52 IST" name="tearbrowser" finished-at="2021-04-01T12:48:52 IST" duration-ms="170" status="PASS">
          <reporter-output>
          </reporter-output>
        </test-method> <!-- tearbrowser -->
      </class> <!-- testClass.TestcaseGuru -->
    </test> <!-- Default test -->
  </suite> <!-- Default suite -->
</testng-results>
